C51 COMPILER V9.01   IO                                                                    05/12/2021 16:57:03 PAGE 1   


C51 COMPILER V9.01, COMPILATION OF MODULE IO
OBJECT MODULE PLACED IN .\Objects\IO.obj
COMPILER INVOKED BY: D:\Keil_v5\C51\BIN\C51.EXE ..\BSP\BSP_IO\IO.c LARGE WARNINGLEVEL(1) OPTIMIZE(8,SPEED) BROWSE INCDIR
                    -(..\USER;..\SYS;..\BSP\BSP_485;..\BSP\BSP_ADC;..\BSP\BSP_KEY;..\BSP\BSP_OLED_IIC;..\APP;..\BSP\BSP_IO) DEBUG OBJECTEXTEN
                    -D PRINT(.\Listings\IO.lst) TABS(2) OBJECT(.\Objects\IO.obj)

line level    source

   1          /*
   2           * @Author: your name
   3           * @Date: 2021-04-30 09:42:58
   4           * @LastEditTime: 2021-04-30 11:14:56
   5           * @LastEditors: Please set LastEditors
   6           * @Description: In User Settings Edit
   7           * @FilePath: \AirPressControl\BSP\BSP_IO\IO.c
   8           */
   9          #include "CH551.H"    
  10          #include "Debug.H"
  11          #include "IO.h"
  12          
  13          #pragma  NOAREGS
  14          
  15          sbit valve1 = P1^6;
  16          sbit valve2 = P1^7;
  17          sbit valve3 = P1^0;
  18          sbit pump = P3^5;
  19          
  20          void SilenceMode()
  21          {
  22   1        valve1=0;
  23   1        valve2=0;
  24   1        valve3=0;
  25   1        pump=0;
  26   1      }
  27          
  28          void OpenpumpMode()
  29          { 
  30   1        valve1=0;
  31   1        valve2=1;
  32   1        valve3=0;
  33   1        pump=1;
  34   1      }
  35          void PositivepressMode()
  36          {
  37   1        valve1=1;
  38   1        valve2=0;
  39   1        valve3=1;
  40   1        pump=1;
  41   1      }
  42          void NegtivepressMode()
  43          {
  44   1        valve1=0;
  45   1        valve2=1;
  46   1        valve3=1;
  47   1        pump=1;
  48   1      }
  49          void HoldeMode()
  50          {
  51   1        valve1=0;
  52   1        valve2=0;
  53   1        valve3=1;
C51 COMPILER V9.01   IO                                                                    05/12/2021 16:57:03 PAGE 2   

  54   1        pump=1;
  55   1      }
  56          void ExhaustMode()
  57          {
  58   1        valve1=1;
  59   1        valve2=1;
  60   1        valve3=1;
  61   1        pump=1;
  62   1      }
  63          void ValvePumpInit()
  64          {
  65   1        Port1Cfg(1,6);//valve1
  66   1        Port1Cfg(1,7);//valve2
  67   1        Port1Cfg(1,0);//valve3
  68   1        Port3Cfg(1,5);
  69   1        valve1 = 0;
  70   1        valve2 = 0;
  71   1        valve3 = 0;
  72   1        pump = 0;
  73   1      }


MODULE INFORMATION:   STATIC OVERLAYABLE
   CODE SIZE        =     91    ----
   CONSTANT SIZE    =   ----    ----
   XDATA SIZE       =   ----    ----
   PDATA SIZE       =   ----    ----
   DATA SIZE        =   ----    ----
   IDATA SIZE       =   ----    ----
   BIT SIZE         =   ----    ----
END OF MODULE INFORMATION.


C51 COMPILATION COMPLETE.  0 WARNING(S),  0 ERROR(S)
