C51 COMPILER V9.01   MAIN                                                                  04/30/2021 17:39:13 PAGE 1   


C51 COMPILER V9.01, COMPILATION OF MODULE MAIN
OBJECT MODULE PLACED IN .\Objects\main.obj
COMPILER INVOKED BY: D:\Keil_v5\C51\BIN\C51.EXE main.c LARGE WARNINGLEVEL(1) OPTIMIZE(8,SPEED) BROWSE INCDIR(..\USER;..\
                    -SYS;..\BSP\BSP_485;..\BSP\BSP_ADC;..\BSP\BSP_KEY;..\BSP\BSP_OLED_IIC;..\APP;..\BSP\BSP_IO) DEBUG OBJECTEXTEND PRINT(.\Li
                    -stings\main.lst) TABS(2) OBJECT(.\Objects\main.obj)

line level    source

   1          /*
   2           * @Author: your name
   3           * @Date: 2021-04-30 09:38:30
   4           * @LastEditTime: 2021-04-30 17:39:08
   5           * @LastEditors: Please set LastEditors
   6           * @Description: In User Settings Edit
   7           * @FilePath: \AirPressControl\USER\main.c
   8           */
   9          #include <CH551.H>
  10          #include "Debug.H"
  11          #include "KEY.H"
  12          #include <OLED_IIC.h>
  13          #include <intrins.h>
  14          #include "ADC.H"
  15          #include "IO.H"
  16          #include <string.h>
  17          #include <stdlib.h>
  18          #include <stdio.h>
  19          #include "ScreenComponent.h"
  20          #pragma  NOAREGS
  21          float airpress;
  22          void main()
  23          {
  24   1        
  25   1        CfgFsys(); 
  26   1        mDelaymS(5);
  27   1        ConfigT0(8); 
  28   1        OLED_Init();  
  29   1        OLED_Clear();  
  30   1        KeyInit();
  31   1        ValvePumpInit();
  32   1        ADCInit( 1 );  
  33   1        EA = 1; 
  34   1        StartScreen();
  35   1        ADC_ChannelSelect( 3 );                                         
  36   1        ADC_START = 1;
  37   1      
  38   1        while(1)
  39   1        {
  40   2          OLED_RevShowCHinese(2,0,26);
  41   2          mDelaymS(1000);
  42   2          airpress=ADC_DATA/255*1000;
  43   2          OLED_ShowCHinese(2,0,26);
  44   2          mDelaymS(1000);
  45   2        }
  46   1      }


MODULE INFORMATION:   STATIC OVERLAYABLE
   CODE SIZE        =    110    ----
   CONSTANT SIZE    =   ----    ----
   XDATA SIZE       =      4    ----
   PDATA SIZE       =   ----    ----
C51 COMPILER V9.01   MAIN                                                                  04/30/2021 17:39:13 PAGE 2   

   DATA SIZE        =   ----    ----
   IDATA SIZE       =   ----    ----
   BIT SIZE         =   ----    ----
END OF MODULE INFORMATION.


C51 COMPILATION COMPLETE.  0 WARNING(S),  0 ERROR(S)
