C51 COMPILER V9.01   SCREENCONTROL                                                         03/02/2021 16:00:54 PAGE 1   


C51 COMPILER V9.01, COMPILATION OF MODULE SCREENCONTROL
OBJECT MODULE PLACED IN .\Objects\ScreenControl.obj
COMPILER INVOKED BY: D:\Keil_v5\C51\BIN\C51.EXE ..\APP\ScreenControl.c LARGE WARNINGLEVEL(1) OPTIMIZE(8,SPEED) BROWSE IN
                    -CDIR(..\USER;..\SYS;..\BSP\BSP_485;..\BSP\BSP_ADC;..\BSP\BSP_KEY;..\BSP\BSP_OLED_IIC;..\APP) DEBUG OBJECTEXTEND PRINT(.\
                    -Listings\ScreenControl.lst) TABS(2) OBJECT(.\Objects\ScreenControl.obj)

line level    source

   1          #include <OLED_IIC.h>
   2          #include "Debug.H"
   3          #include "ScreenControl.h"


MODULE INFORMATION:   STATIC OVERLAYABLE
   CODE SIZE        =   ----    ----
   CONSTANT SIZE    =   ----    ----
   XDATA SIZE       =   ----    ----
   PDATA SIZE       =   ----    ----
   DATA SIZE        =   ----    ----
   IDATA SIZE       =   ----    ----
   BIT SIZE         =   ----    ----
END OF MODULE INFORMATION.


C51 COMPILATION COMPLETE.  0 WARNING(S),  0 ERROR(S)
